# JRE version: OpenJDK Runtime Environment Temurin-21.0.3+9 (21.0.3+9) (build 21.0.3+9-LTS)
# Java VM: OpenJDK 64-Bit Server VM Temurin-21.0.3+9 (21.0.3+9-LTS, mixed mode, emulated-client, tiered, compressed oops, compressed class ptrs, g1 gc, windows-amd64)
GC Precious Log:
 CardTable entry size: 512
 Card Set container configuration: InlinePtr #cards 4 size 8 Array Of Cards #cards 16 size 48 Howl #buckets 8 coarsen threshold 3686 Howl Bitmap #cards 512 size 80 coarsen threshold 460 Card regions per heap region 1 cards per card region 4096
 CPUs: 16 total, 16 available
 Memory: 16281M
 Large Page Support: Disabled
 NUMA Support: Disabled
 Compressed Oops: Enabled (Zero based)
 Heap Region Size: 2M
 Heap Min Capacity: 8M
 Heap Initial Capacity: 256M
 Heap Max Capacity: 4072M
 Pre-touch: Disabled
 Parallel Workers: 13
 Concurrent Workers: 3
 Concurrent Refinement Workers: 13
 Periodic GC: Disabled
Heap:
 garbage-first heap   total 49152K, used 43084K [0x0000000701800000, 0x0000000800000000)
  region size 2048K, 16 young (32768K), 2 survivors (4096K)
 Metaspace       used 45126K, committed 45824K, reserved 1114112K
  class space    used 5521K, committed 5824K, reserved 1048576K
GC Heap History (20 events):
Event: 8388.002 GC heap after
{Heap after GC invocations=84 (full 32):
 garbage-first heap   total 49152K, used 18849K [0x0000000701800000, 0x0000000800000000)
  region size 2048K, 1 young (2048K), 1 survivors (2048K)
 Metaspace       used 45301K, committed 45952K, reserved 1114112K
  class space    used 5546K, committed 5824K, reserved 1048576K
}
Event: 9017.292 GC heap before
{Heap before GC invocations=84 (full 32):
 garbage-first heap   total 49152K, used 39329K [0x0000000701800000, 0x0000000800000000)
  region size 2048K, 11 young (22528K), 1 survivors (2048K)
 Metaspace       used 45301K, committed 45952K, reserved 1114112K
  class space    used 5546K, committed 5824K, reserved 1048576K
}
Event: 9017.295 GC heap after
{Heap after GC invocations=85 (full 32):
 garbage-first heap   total 49152K, used 18426K [0x0000000701800000, 0x0000000800000000)
  region size 2048K, 1 young (2048K), 1 survivors (2048K)
 Metaspace       used 45301K, committed 45952K, reserved 1114112K
  class space    used 5546K, committed 5824K, reserved 1048576K
}
Event: 9653.764 GC heap before
{Heap before GC invocations=85 (full 32):
 garbage-first heap   total 49152K, used 38906K [0x0000000701800000, 0x0000000800000000)
  region size 2048K, 11 young (22528K), 1 survivors (2048K)
 Metaspace       used 45301K, committed 45952K, reserved 1114112K
  class space    used 5546K, committed 5824K, reserved 1048576K
}
Event: 9653.767 GC heap after
{Heap after GC invocations=86 (full 32):
 garbage-first heap   total 49152K, used 18360K [0x0000000701800000, 0x0000000800000000)
  region size 2048K, 1 young (2048K), 1 survivors (2048K)
 Metaspace       used 45301K, committed 45952K, reserved 1114112K
  class space    used 5546K, committed 5824K, reserved 1048576K
}
Event: 10289.308 GC heap before
{Heap before GC invocations=86 (full 32):
 garbage-first heap   total 49152K, used 36792K [0x0000000701800000, 0x0000000800000000)
  region size 2048K, 11 young (22528K), 1 survivors (2048K)
 Metaspace       used 45301K, committed 45952K, reserved 1114112K
  class space    used 5546K, committed 5824K, reserved 1048576K
}
Event: 10289.311 GC heap after
{Heap after GC invocations=87 (full 32):
 garbage-first heap   total 49152K, used 18354K [0x0000000701800000, 0x0000000800000000)
  region size 2048K, 1 young (2048K), 1 survivors (2048K)
 Metaspace       used 45301K, committed 45952K, reserved 1114112K
  class space    used 5546K, committed 5824K, reserved 1048576K
}
Event: 10921.583 GC heap before
{Heap before GC invocations=87 (full 32):
 garbage-first heap   total 49152K, used 38834K [0x0000000701800000, 0x0000000800000000)
  region size 2048K, 11 young (22528K), 1 survivors (2048K)
 Metaspace       used 45301K, committed 45952K, reserved 1114112K
  class space    used 5546K, committed 5824K, reserved 1048576K
}
Event: 10921.586 GC heap after
{Heap after GC invocations=88 (full 32):
 garbage-first heap   total 49152K, used 18340K [0x0000000701800000, 0x0000000800000000)
  region size 2048K, 1 young (2048K), 1 survivors (2048K)
 Metaspace       used 45301K, committed 45952K, reserved 1114112K
  class space    used 5546K, committed 5824K, reserved 1048576K
}
Event: 11554.600 GC heap before
{Heap before GC invocations=88 (full 32):
 garbage-first heap   total 49152K, used 38820K [0x0000000701800000, 0x0000000800000000)
  region size 2048K, 11 young (22528K), 1 survivors (2048K)
 Metaspace       used 45301K, committed 45952K, reserved 1114112K
  class space    used 5546K, committed 5824K, reserved 1048576K
}
Event: 11554.603 GC heap after
{Heap after GC invocations=89 (full 32):
 garbage-first heap   total 49152K, used 18352K [0x0000000701800000, 0x0000000800000000)
  region size 2048K, 1 young (2048K), 1 survivors (2048K)
 Metaspace       used 45301K, committed 45952K, reserved 1114112K
  class space    used 5546K, committed 5824K, reserved 1048576K
}
Event: 12187.818 GC heap before
{Heap before GC invocations=89 (full 32):
 garbage-first heap   total 49152K, used 38832K [0x0000000701800000, 0x0000000800000000)
  region size 2048K, 11 young (22528K), 1 survivors (2048K)
 Metaspace       used 45301K, committed 45952K, reserved 1114112K
  class space    used 5546K, committed 5824K, reserved 1048576K
}
Event: 12187.821 GC heap after
{Heap after GC invocations=90 (full 32):
 garbage-first heap   total 49152K, used 18349K [0x0000000701800000, 0x0000000800000000)
  region size 2048K, 1 young (2048K), 1 survivors (2048K)
 Metaspace       used 45301K, committed 45952K, reserved 1114112K
  class space    used 5546K, committed 5824K, reserved 1048576K
}
Event: 12821.090 GC heap before
{Heap before GC invocations=90 (full 32):
 garbage-first heap   total 49152K, used 38829K [0x0000000701800000, 0x0000000800000000)
  region size 2048K, 11 young (22528K), 1 survivors (2048K)
 Metaspace       used 45301K, committed 45952K, reserved 1114112K
  class space    used 5546K, committed 5824K, reserved 1048576K
}
Event: 12821.093 GC heap after
{Heap after GC invocations=91 (full 32):
 garbage-first heap   total 49152K, used 18332K [0x0000000701800000, 0x0000000800000000)
  region size 2048K, 1 young (2048K), 1 survivors (2048K)
 Metaspace       used 45301K, committed 45952K, reserved 1114112K
  class space    used 5546K, committed 5824K, reserved 1048576K
}
Event: 13457.881 GC heap before
{Heap before GC invocations=91 (full 32):
 garbage-first heap   total 49152K, used 38812K [0x0000000701800000, 0x0000000800000000)
  region size 2048K, 11 young (22528K), 1 survivors (2048K)
 Metaspace       used 45301K, committed 45952K, reserved 1114112K
  class space    used 5546K, committed 5824K, reserved 1048576K
}
Event: 13457.884 GC heap after
{Heap after GC invocations=92 (full 32):
 garbage-first heap   total 49152K, used 18332K [0x0000000701800000, 0x0000000800000000)
  region size 2048K, 1 young (2048K), 1 survivors (2048K)
 Metaspace       used 45301K, committed 45952K, reserved 1114112K
  class space    used 5546K, committed 5824K, reserved 1048576K
}
Event: 13548.027 GC heap before
{Heap before GC invocations=92 (full 32):
 garbage-first heap   total 49152K, used 20380K [0x0000000701800000, 0x0000000800000000)
  region size 2048K, 3 young (6144K), 1 survivors (2048K)
 Metaspace       used 45306K, committed 45952K, reserved 1114112K
  class space    used 5548K, committed 5824K, reserved 1048576K
}
Event: 13548.048 GC heap after
{Heap after GC invocations=93 (full 33):
 garbage-first heap   total 49152K, used 14412K [0x0000000701800000, 0x0000000800000000)
  region size 2048K, 0 young (0K), 0 survivors (0K)
 Metaspace       used 45012K, committed 45824K, reserved 1114112K
  class space    used 5492K, committed 5824K, reserved 1048576K
}
Event: 13818.743 GC heap before
{Heap before GC invocations=93 (full 33):
 garbage-first heap   total 49152K, used 43084K [0x0000000701800000, 0x0000000800000000)
  region size 2048K, 14 young (28672K), 0 survivors (0K)
 Metaspace       used 45126K, committed 45824K, reserved 1114112K
  class space    used 5521K, committed 5824K, reserved 1048576K
}

